\BOOKMARK [1][-]{section.1}{\376\377\000W\000s\000t\001\031\000p}{}% 1
\BOOKMARK [1][-]{section.2}{\376\377\000I\000s\000t\000n\000i\000e\000j\001\005\000c\000e\000\040\000r\000o\000z\000w\000i\001\005\000z\000a\000n\000i\000a}{}% 2
\BOOKMARK [1][-]{section.3}{\376\377\000Z\000a\001\102\000o\001\174\000e\000n\000i\000a}{}% 3
\BOOKMARK [1][-]{section.4}{\376\377\000M\000e\000t\000o\000d\000y\000k\000a}{}% 4
\BOOKMARK [2][-]{subsection.4.1}{\376\377\000A\000r\000c\000h\000i\000t\000e\000k\000t\000u\000r\000a\000\040\000s\000y\000s\000t\000e\000m\000u}{section.4}% 5
\BOOKMARK [3][-]{subsubsection.4.1.1}{\376\377\000S\000e\000r\000w\000i\000s\000y\000\040\000z\000o\000r\000i\000e\000n\000t\000o\000w\000a\000n\000e\000\040\000u\000s\001\102\000u\000g\000o\000w\000o}{subsection.4.1}% 6
\BOOKMARK [3][-]{subsubsection.4.1.2}{\376\377\000S\000p\000r\000z\001\031\001\174\000e\000n\000i\000e\000\040\000s\000e\000r\000w\000i\000s\000\363\000w}{subsection.4.1}% 7
\BOOKMARK [3][-]{subsubsection.4.1.3}{\376\377\000S\000p\000\363\000j\000n\000o\001\133\001\007\000\040\000m\000i\000k\000r\000o\000s\000e\000r\000w\000i\000s\000\363\000w}{subsection.4.1}% 8
\BOOKMARK [3][-]{subsubsection.4.1.4}{\376\377\000W\000y\000z\000n\000a\000c\000z\000a\000n\000i\000e\000\040\000g\000r\000a\000n\000i\000c\000\040\000m\000i\001\031\000d\000z\000y\000\040\000m\000i\000k\000r\000o\000s\000e\000r\000w\000i\000s\000a\000m\000i}{subsection.4.1}% 9
\BOOKMARK [3][-]{subsubsection.4.1.5}{\376\377\000A\000r\000c\000h\000i\000t\000e\000k\000t\000u\000r\000a\000\040\000s\000y\000s\000t\000e\000m\000u\000\040\000d\000o\000\040\000z\000a\000r\000z\001\005\000d\000z\000a\000n\000i\000a\000\040\000e\000n\000e\000r\000g\000i\001\005\000\040\000w\000\040\000p\000o\000m\000i\000e\000s\000z\000c\000z\000e\000n\000i\000a\000c\000h\000\040\000b\000i\000u\000r\000o\000w\000y\000c\000h}{subsection.4.1}% 10
\BOOKMARK [2][-]{subsection.4.2}{\376\377\000Z\000w\000i\000n\000n\000e\000\040\000z\000a\000r\000z\001\005\000d\000z\000a\000n\000i\000e}{section.4}% 11
\BOOKMARK [1][-]{section.5}{\376\377\000P\000r\000z\000e\000c\000h\000o\000w\000y\000w\000a\000n\000i\000e\000\040\000d\000a\000n\000y\000c\000h}{}% 12
\BOOKMARK [2][-]{subsection.5.1}{\376\377\000M\000y\000S\000Q\000L}{section.5}% 13
\BOOKMARK [3][-]{subsubsection.5.1.1}{\376\377\000S\000c\000h\000e\000m\000a\000t\000\040\000a\000d\000r\000e\000s\000\363\000w}{subsection.5.1}% 14
\BOOKMARK [3][-]{subsubsection.5.1.2}{\376\377\000S\000c\000h\000e\000m\000a\000t\000\040\000o\000r\000g\000a\000n\000i\000z\000a\000c\000j\000i}{subsection.5.1}% 15
\BOOKMARK [3][-]{subsubsection.5.1.3}{\376\377\000S\000c\000h\000e\000m\000a\000t\000\040\000r\000e\000g\000u\001\102}{subsection.5.1}% 16
\BOOKMARK [3][-]{subsubsection.5.1.4}{\376\377\000S\000c\000h\000e\000m\000a\000t\000\040\000s\000e\000n\000s\000o\000r\000\363\000w}{subsection.5.1}% 17
\BOOKMARK [3][-]{subsubsection.5.1.5}{\376\377\000S\000c\000h\000e\000m\000a\000t\000\040\000u\001\174\000y\000t\000k\000o\000w\000n\000i\000k\000\363\000w}{subsection.5.1}% 18
\BOOKMARK [2][-]{subsection.5.2}{\376\377\000I\000n\000f\000l\000u\000x\000D\000B}{section.5}% 19
\BOOKMARK [1][-]{section.6}{\376\377\000K\000o\000m\000u\000n\000i\000k\000a\000c\000j\000a\000\040\000m\000i\001\031\000d\000z\000y\000\040\000m\000i\000k\000r\000o\000s\000e\000r\000w\000i\000s\000a\000m\000i}{}% 20
\BOOKMARK [2][-]{subsection.6.1}{\376\377\000B\000r\000o\000k\000e\000r\000\040\000w\000i\000a\000d\000o\000m\000o\001\133\000c\000i}{section.6}% 21
\BOOKMARK [3][-]{subsubsection.6.1.1}{\376\377\000M\000a\000s\000s\000T\000r\000a\000n\000s\000i\000t}{subsection.6.1}% 22
\BOOKMARK [3][-]{subsubsection.6.1.2}{\376\377\000P\000o\001\102\001\005\000c\000z\000e\000n\000i\000e\000\040\000m\000i\000k\000r\000o\000s\000e\000r\000w\000i\000s\000\363\000w\000\040\000z\000\040\000b\000r\000o\000k\000e\000r\000e\000m\000\040\000w\000i\000a\000d\000o\000m\000o\001\133\000c\000i}{subsection.6.1}% 23
\BOOKMARK [2][-]{subsection.6.2}{\376\377\000S\000t\000y\000k\000i}{section.6}% 24
\BOOKMARK [3][-]{subsubsection.6.2.1}{\376\377\000U\000s\001\102\000u\000g\000i\000\040\000u\000d\000o\000s\000t\001\031\000p\000n\000i\000a\000n\000e\000\040\000p\000r\000z\000e\000z\000\040\000m\000i\000k\000r\000o\000u\000s\001\102\000u\000g\001\031\000\040\000d\000a\000n\000y\000c\000h\000\040\000a\000d\000r\000e\000s\000\363\000w}{subsection.6.2}% 25
\BOOKMARK [3][-]{subsubsection.6.2.2}{\376\377\000U\000s\001\102\000u\000g\000i\000\040\000u\000d\000o\000s\000t\001\031\000p\000n\000i\000a\000n\000e\000\040\000p\000r\000z\000e\000z\000\040\000m\000i\000k\000r\000o\000u\000s\001\102\000u\000g\001\031\000\040\000d\000a\000n\000y\000c\000h\000\040\000o\000r\000g\000a\000n\000i\000z\000a\000c\000j\000i}{subsection.6.2}% 26
\BOOKMARK [3][-]{subsubsection.6.2.3}{\376\377\000U\000s\001\102\000u\000g\000i\000\040\000u\000d\000o\000s\000t\001\031\000p\000n\000i\000a\000n\000e\000\040\000p\000r\000z\000e\000z\000\040\000m\000i\000k\000r\000o\000u\000s\001\102\000u\000g\001\031\000\040\000d\000a\000n\000y\000c\000h\000\040\000r\000e\000g\000u\001\102}{subsection.6.2}% 27
\BOOKMARK [3][-]{subsubsection.6.2.4}{\376\377\000U\000s\001\102\000u\000g\000i\000\040\000u\000d\000o\000s\000t\001\031\000p\000n\000i\000a\000n\000e\000\040\000p\000r\000z\000e\000z\000\040\000m\000i\000k\000r\000o\000u\000s\001\102\000u\000g\001\031\000\040\000d\000a\000n\000y\000c\000h\000\040\000s\000e\000n\000s\000o\000r\000\363\000w}{subsection.6.2}% 28
\BOOKMARK [3][-]{subsubsection.6.2.5}{\376\377\000U\000s\001\102\000u\000g\000i\000\040\000u\000d\000o\000s\000t\001\031\000p\000n\000i\000a\000n\000e\000\040\000p\000r\000z\000e\000z\000\040\000m\000i\000k\000r\000o\000u\000s\001\102\000u\000g\001\031\000\040\000a\000p\000l\000i\000k\000a\000c\000y\000j\000n\001\005\000\040\000a\000d\000m\000i\000n\000i\000s\000t\000r\000a\000t\000o\000r\000\363\000w}{subsection.6.2}% 29
\BOOKMARK [1][-]{section.7}{\376\377\000T\000e\000s\000t\000y}{}% 30
\BOOKMARK [2][-]{subsection.7.1}{\376\377\000T\000e\000s\000t\000y\000\040\000j\000e\000d\000n\000o\000s\000t\000k\000o\000w\000e}{section.7}% 31
\BOOKMARK [2][-]{subsection.7.2}{\376\377\000T\000e\000s\000t\000y\000\040\000i\000n\000t\000e\000g\000r\000a\000c\000y\000j\000n\000e}{section.7}% 32
\BOOKMARK [2][-]{subsection.7.3}{\376\377\000T\000e\000s\000t\000y\000\040\000e\000n\000d\000-\0002\000-\000e\000n\000d}{section.7}% 33
\BOOKMARK [2][-]{subsection.7.4}{\376\377\000A\000u\000t\000o\000m\000a\000t\000y\000z\000a\000c\000j\000a\000\040\000t\000e\000s\000t\000\363\000w}{section.7}% 34
\BOOKMARK [1][-]{section.8}{\376\377\000P\000o\000m\000i\000a\000r\000y}{}% 35
\BOOKMARK [2][-]{subsection.8.1}{\376\377\000O\000p\000r\000o\000g\000r\000a\000m\000o\000w\000a\000n\000i\000e\000\040\000m\000i\000k\000r\000o\000k\000o\000n\000t\000r\000o\000l\000e\000r\000a}{section.8}% 36
\BOOKMARK [1][-]{section.9}{\376\377\000A\000u\000t\000o\000m\000a\000t\000y\000z\000a\000c\000j\000a}{}% 37
\BOOKMARK [2][-]{subsection.9.1}{\376\377\000D\000o\000c\000k\000e\000r}{section.9}% 38
\BOOKMARK [3][-]{subsubsection.9.1.1}{\376\377\001\101\001\005\000c\000z\000n\000o\001\133\001\007\000\040\000s\000i\000e\000c\000i\000o\000w\000a\000\040\000w\000\040\001\133\000r\000o\000d\000o\000w\000i\000s\000k\000u\000\040\000s\000k\000o\000n\000t\000e\000n\000e\000r\000y\000z\000o\000w\000a\000n\000y\000m}{subsection.9.1}% 39
\BOOKMARK [2][-]{subsection.9.2}{\376\377\000C\000i\001\005\000g\001\102\000a\000\040\000i\000n\000t\000e\000g\000r\000a\000c\000j\000a}{section.9}% 40
\BOOKMARK [2][-]{subsection.9.3}{\376\377\000C\000i\001\005\000g\001\102\000e\000\040\000d\000o\000s\000t\000a\000r\000c\000z\000a\000n\000i\000e}{section.9}% 41
\BOOKMARK [2][-]{subsection.9.4}{\376\377\000K\000u\000b\000e\000r\000n\000e\000t\000e\000s}{section.9}% 42
\BOOKMARK [3][-]{subsubsection.9.4.1}{\376\377\000K\000o\000m\000p\000o\000n\000e\000n\000t\000y\000\040\000p\001\102\000a\000s\000z\000c\000z\000y\000z\000n\000y\000\040\000s\000t\000e\000r\000o\000w\000a\000n\000i\000a}{subsection.9.4}% 43
\BOOKMARK [3][-]{subsubsection.9.4.2}{\376\377\000K\000o\000m\000p\000o\000n\000e\000n\000t\000y\000\040\000w\001\031\000z\001\102\000a}{subsection.9.4}% 44
\BOOKMARK [3][-]{subsubsection.9.4.3}{\376\377\001\101\001\005\000c\000z\000n\000o\001\133\001\007\000\040\000s\000i\000e\000c\000i\000o\000w\000a\000\040\000w\000\040\001\133\000r\000o\000d\000o\000w\000i\000s\000k\000u\000\040\000K\000u\000b\000e\000r\000n\000e\000t\000e\000s}{subsection.9.4}% 45
\BOOKMARK [1][-]{section.10}{\376\377\000P\000o\000d\000s\000u\000m\000o\000w\000a\000n\000i\000e}{}% 46
\BOOKMARK [1][-]{section.11}{\376\377\000O\000g\000r\000a\000n\000i\000c\000z\000e\000n\000i\000a}{}% 47
\BOOKMARK [1][-]{section*.14}{\376\377\000B\000i\000b\000l\000i\000o\000g\000r\000a\000f\000i\000a}{}% 48
\BOOKMARK [1][-]{section*.15}{\376\377\000W\000y\000k\000a\000z\000\040\000s\000y\000m\000b\000o\000l\000i\000\040\000i\000\040\000s\000k\000r\000\363\000t\000\363\000w}{}% 49
\BOOKMARK [1][-]{section*.15}{\376\377\000S\000p\000i\000s\000\040\000r\000y\000s\000u\000n\000k\000\363\000w}{}% 50
\BOOKMARK [1][-]{section*.15}{\376\377\000S\000p\000i\000s\000\040\000t\000a\000b\000e\000l}{}% 51
\BOOKMARK [1][-]{section*.16}{\376\377\000S\000p\000i\000s\000\040\000z\000a\001\102\001\005\000c\000z\000n\000i\000k\000\363\000w}{}% 52
